[2016-08-12 01:09:02] local.ERROR: Symfony\Component\Console\Exception\CommandNotFoundException: Command "migreta" is not defined.

Did you mean one of these?
    migrate
    migrate:install
    migrate:rollback
    migrate:reset
    migrate:refresh
    migrate:status in E:\project\laravelcloud\vendor\symfony\console\Application.php:535
Stack trace:
#0 E:\project\laravelcloud\vendor\symfony\console\Application.php(183): Symfony\Component\Console\Application->find('migreta')
#1 E:\project\laravelcloud\vendor\symfony\console\Application.php(117): Symfony\Component\Console\Application->doRun(Object(Symfony\Component\Console\Input\ArgvInput), Object(Symfony\Component\Console\Output\ConsoleOutput))
#2 E:\project\laravelcloud\vendor\laravel\framework\src\Illuminate\Foundation\Console\Kernel.php(111): Symfony\Component\Console\Application->run(Object(Symfony\Component\Console\Input\ArgvInput), Object(Symfony\Component\Console\Output\ConsoleOutput))
#3 E:\project\laravelcloud\artisan(35): Illuminate\Foundation\Console\Kernel->handle(Object(Symfony\Component\Console\Input\ArgvInput), Object(Symfony\Component\Console\Output\ConsoleOutput))
#4 {main}  
[2016-08-14 14:54:07] local.ERROR: ErrorException: include(E:\www\WEB\laravelcloud\vendor\composer/../../app/Http/Middleware/EncryptCookies.php): failed to open stream: No such file or directory in E:\www\WEB\laravelcloud\vendor\composer\ClassLoader.php:412
Stack trace:
#0 E:\www\WEB\laravelcloud\vendor\composer\ClassLoader.php(412): Illuminate\Foundation\Bootstrap\HandleExceptions->handleError(2, 'include(E:\\www\\...', 'E:\\www\\WEB\\lara...', 412, Array)
#1 E:\www\WEB\laravelcloud\vendor\composer\ClassLoader.php(412): include()
#2 E:\www\WEB\laravelcloud\vendor\composer\ClassLoader.php(301): Composer\Autoload\includeFile('E:\\www\\WEB\\lara...')
#3 [internal function]: Composer\Autoload\ClassLoader->loadClass('App\\Http\\Middle...')
#4 [internal function]: spl_autoload_call('App\\Http\\Middle...')
#5 E:\www\WEB\laravelcloud\bootstrap\cache\compiled.php(1360): ReflectionClass->__construct('App\\Http\\Middle...')
#6 E:\www\WEB\laravelcloud\bootstrap\cache\compiled.php(1314): Illuminate\Container\Container->build('App\\Http\\Middle...', Array)
#7 E:\www\WEB\laravelcloud\bootstrap\cache\compiled.php(1884): Illuminate\Container\Container->make('App\\Http\\Middle...', Array)
#8 E:\www\WEB\laravelcloud\bootstrap\cache\compiled.php(9762): Illuminate\Foundation\Application->make('App\\Http\\Middle...')
#9 E:\www\WEB\laravelcloud\vendor\laravel\framework\src\Illuminate\Routing\Pipeline.php(33): Illuminate\Pipeline\Pipeline->Illuminate\Pipeline\{closure}(Object(Illuminate\Http\Request))
#10 E:\www\WEB\laravelcloud\bootstrap\cache\compiled.php(9752): Illuminate\Routing\Pipeline->Illuminate\Routing\{closure}(Object(Illuminate\Http\Request))
#11 E:\www\WEB\laravelcloud\bootstrap\cache\compiled.php(8071): Illuminate\Pipeline\Pipeline->then(Object(Closure))
#12 E:\www\WEB\laravelcloud\bootstrap\cache\compiled.php(8062): Illuminate\Routing\Router->runRouteWithinStack(Object(Illuminate\Routing\Route), Object(Illuminate\Http\Request))
#13 E:\www\WEB\laravelcloud\bootstrap\cache\compiled.php(8053): Illuminate\Routing\Router->dispatchToRoute(Object(Illuminate\Http\Request))
#14 E:\www\WEB\laravelcloud\bootstrap\cache\compiled.php(2431): Illuminate\Routing\Router->dispatch(Object(Illuminate\Http\Request))
#15 E:\www\WEB\laravelcloud\vendor\laravel\framework\src\Illuminate\Routing\Pipeline.php(53): Illuminate\Foundation\Http\Kernel->Illuminate\Foundation\Http\{closure}(Object(Illuminate\Http\Request))
#16 E:\www\WEB\laravelcloud\bootstrap\cache\compiled.php(3156): Illuminate\Routing\Pipeline->Illuminate\Routing\{closure}(Object(Illuminate\Http\Request))
#17 E:\www\WEB\laravelcloud\bootstrap\cache\compiled.php(9767): Illuminate\Foundation\Http\Middleware\CheckForMaintenanceMode->handle(Object(Illuminate\Http\Request), Object(Closure))
#18 E:\www\WEB\laravelcloud\vendor\laravel\framework\src\Illuminate\Routing\Pipeline.php(33): Illuminate\Pipeline\Pipeline->Illuminate\Pipeline\{closure}(Object(Illuminate\Http\Request))
#19 E:\www\WEB\laravelcloud\bootstrap\cache\compiled.php(9752): Illuminate\Routing\Pipeline->Illuminate\Routing\{closure}(Object(Illuminate\Http\Request))
#20 E:\www\WEB\laravelcloud\bootstrap\cache\compiled.php(2378): Illuminate\Pipeline\Pipeline->then(Object(Closure))
#21 E:\www\WEB\laravelcloud\bootstrap\cache\compiled.php(2362): Illuminate\Foundation\Http\Kernel->sendRequestThroughRouter(Object(Illuminate\Http\Request))
#22 E:\www\WEB\laravelcloud\public\index.php(53): Illuminate\Foundation\Http\Kernel->handle(Object(Illuminate\Http\Request))
#23 {main}  
[2016-08-14 14:54:07] local.ERROR: ErrorException: include(E:\www\WEB\laravelcloud\vendor\composer/../../app/Http/Middleware/EncryptCookies.php): failed to open stream: No such file or directory in E:\www\WEB\laravelcloud\vendor\composer\ClassLoader.php:412
Stack trace:
#0 E:\www\WEB\laravelcloud\vendor\composer\ClassLoader.php(412): Illuminate\Foundation\Bootstrap\HandleExceptions->handleError(2, 'include(E:\\www\\...', 'E:\\www\\WEB\\lara...', 412, Array)
#1 E:\www\WEB\laravelcloud\vendor\composer\ClassLoader.php(412): include()
#2 E:\www\WEB\laravelcloud\vendor\composer\ClassLoader.php(301): Composer\Autoload\includeFile('E:\\www\\WEB\\lara...')
#3 [internal function]: Composer\Autoload\ClassLoader->loadClass('App\\Http\\Middle...')
#4 [internal function]: spl_autoload_call('App\\Http\\Middle...')
#5 E:\www\WEB\laravelcloud\bootstrap\cache\compiled.php(1360): ReflectionClass->__construct('App\\Http\\Middle...')
#6 E:\www\WEB\laravelcloud\bootstrap\cache\compiled.php(1314): Illuminate\Container\Container->build('App\\Http\\Middle...', Array)
#7 E:\www\WEB\laravelcloud\bootstrap\cache\compiled.php(1884): Illuminate\Container\Container->make('App\\Http\\Middle...', Array)
#8 E:\www\WEB\laravelcloud\bootstrap\cache\compiled.php(2385): Illuminate\Foundation\Application->make('App\\Http\\Middle...')
#9 E:\www\WEB\laravelcloud\public\index.php(58): Illuminate\Foundation\Http\Kernel->terminate(Object(Illuminate\Http\Request), Object(Illuminate\Http\Response))
#10 {main}  
[2016-08-14 14:54:27] local.ERROR: ErrorException: include(E:\www\WEB\laravelcloud\vendor\composer/../../app/Http/Middleware/EncryptCookies.php): failed to open stream: No such file or directory in E:\www\WEB\laravelcloud\vendor\composer\ClassLoader.php:412
Stack trace:
#0 E:\www\WEB\laravelcloud\vendor\composer\ClassLoader.php(412): Illuminate\Foundation\Bootstrap\HandleExceptions->handleError(2, 'include(E:\\www\\...', 'E:\\www\\WEB\\lara...', 412, Array)
#1 E:\www\WEB\laravelcloud\vendor\composer\ClassLoader.php(412): include()
#2 E:\www\WEB\laravelcloud\vendor\composer\ClassLoader.php(301): Composer\Autoload\includeFile('E:\\www\\WEB\\lara...')
#3 [internal function]: Composer\Autoload\ClassLoader->loadClass('App\\Http\\Middle...')
#4 [internal function]: spl_autoload_call('App\\Http\\Middle...')
#5 E:\www\WEB\laravelcloud\bootstrap\cache\compiled.php(1360): ReflectionClass->__construct('App\\Http\\Middle...')
#6 E:\www\WEB\laravelcloud\bootstrap\cache\compiled.php(1314): Illuminate\Container\Container->build('App\\Http\\Middle...', Array)
#7 E:\www\WEB\laravelcloud\bootstrap\cache\compiled.php(1884): Illuminate\Container\Container->make('App\\Http\\Middle...', Array)
#8 E:\www\WEB\laravelcloud\bootstrap\cache\compiled.php(9762): Illuminate\Foundation\Application->make('App\\Http\\Middle...')
#9 E:\www\WEB\laravelcloud\vendor\laravel\framework\src\Illuminate\Routing\Pipeline.php(33): Illuminate\Pipeline\Pipeline->Illuminate\Pipeline\{closure}(Object(Illuminate\Http\Request))
#10 E:\www\WEB\laravelcloud\bootstrap\cache\compiled.php(9752): Illuminate\Routing\Pipeline->Illuminate\Routing\{closure}(Object(Illuminate\Http\Request))
#11 E:\www\WEB\laravelcloud\bootstrap\cache\compiled.php(8071): Illuminate\Pipeline\Pipeline->then(Object(Closure))
#12 E:\www\WEB\laravelcloud\bootstrap\cache\compiled.php(8062): Illuminate\Routing\Router->runRouteWithinStack(Object(Illuminate\Routing\Route), Object(Illuminate\Http\Request))
#13 E:\www\WEB\laravelcloud\bootstrap\cache\compiled.php(8053): Illuminate\Routing\Router->dispatchToRoute(Object(Illuminate\Http\Request))
#14 E:\www\WEB\laravelcloud\bootstrap\cache\compiled.php(2431): Illuminate\Routing\Router->dispatch(Object(Illuminate\Http\Request))
#15 E:\www\WEB\laravelcloud\vendor\laravel\framework\src\Illuminate\Routing\Pipeline.php(53): Illuminate\Foundation\Http\Kernel->Illuminate\Foundation\Http\{closure}(Object(Illuminate\Http\Request))
#16 E:\www\WEB\laravelcloud\bootstrap\cache\compiled.php(3156): Illuminate\Routing\Pipeline->Illuminate\Routing\{closure}(Object(Illuminate\Http\Request))
#17 E:\www\WEB\laravelcloud\bootstrap\cache\compiled.php(9767): Illuminate\Foundation\Http\Middleware\CheckForMaintenanceMode->handle(Object(Illuminate\Http\Request), Object(Closure))
#18 E:\www\WEB\laravelcloud\vendor\laravel\framework\src\Illuminate\Routing\Pipeline.php(33): Illuminate\Pipeline\Pipeline->Illuminate\Pipeline\{closure}(Object(Illuminate\Http\Request))
#19 E:\www\WEB\laravelcloud\bootstrap\cache\compiled.php(9752): Illuminate\Routing\Pipeline->Illuminate\Routing\{closure}(Object(Illuminate\Http\Request))
#20 E:\www\WEB\laravelcloud\bootstrap\cache\compiled.php(2378): Illuminate\Pipeline\Pipeline->then(Object(Closure))
#21 E:\www\WEB\laravelcloud\bootstrap\cache\compiled.php(2362): Illuminate\Foundation\Http\Kernel->sendRequestThroughRouter(Object(Illuminate\Http\Request))
#22 E:\www\WEB\laravelcloud\public\index.php(53): Illuminate\Foundation\Http\Kernel->handle(Object(Illuminate\Http\Request))
#23 {main}  
[2016-08-14 14:54:27] local.ERROR: ErrorException: include(E:\www\WEB\laravelcloud\vendor\composer/../../app/Http/Middleware/EncryptCookies.php): failed to open stream: No such file or directory in E:\www\WEB\laravelcloud\vendor\composer\ClassLoader.php:412
Stack trace:
#0 E:\www\WEB\laravelcloud\vendor\composer\ClassLoader.php(412): Illuminate\Foundation\Bootstrap\HandleExceptions->handleError(2, 'include(E:\\www\\...', 'E:\\www\\WEB\\lara...', 412, Array)
#1 E:\www\WEB\laravelcloud\vendor\composer\ClassLoader.php(412): include()
#2 E:\www\WEB\laravelcloud\vendor\composer\ClassLoader.php(301): Composer\Autoload\includeFile('E:\\www\\WEB\\lara...')
#3 [internal function]: Composer\Autoload\ClassLoader->loadClass('App\\Http\\Middle...')
#4 [internal function]: spl_autoload_call('App\\Http\\Middle...')
#5 E:\www\WEB\laravelcloud\bootstrap\cache\compiled.php(1360): ReflectionClass->__construct('App\\Http\\Middle...')
#6 E:\www\WEB\laravelcloud\bootstrap\cache\compiled.php(1314): Illuminate\Container\Container->build('App\\Http\\Middle...', Array)
#7 E:\www\WEB\laravelcloud\bootstrap\cache\compiled.php(1884): Illuminate\Container\Container->make('App\\Http\\Middle...', Array)
#8 E:\www\WEB\laravelcloud\bootstrap\cache\compiled.php(2385): Illuminate\Foundation\Application->make('App\\Http\\Middle...')
#9 E:\www\WEB\laravelcloud\public\index.php(58): Illuminate\Foundation\Http\Kernel->terminate(Object(Illuminate\Http\Request), Object(Illuminate\Http\Response))
#10 {main}  
[2016-08-14 14:54:31] local.ERROR: ErrorException: include(E:\www\WEB\laravelcloud\vendor\composer/../../app/Http/Middleware/EncryptCookies.php): failed to open stream: No such file or directory in E:\www\WEB\laravelcloud\vendor\composer\ClassLoader.php:412
Stack trace:
#0 E:\www\WEB\laravelcloud\vendor\composer\ClassLoader.php(412): Illuminate\Foundation\Bootstrap\HandleExceptions->handleError(2, 'include(E:\\www\\...', 'E:\\www\\WEB\\lara...', 412, Array)
#1 E:\www\WEB\laravelcloud\vendor\composer\ClassLoader.php(412): include()
#2 E:\www\WEB\laravelcloud\vendor\composer\ClassLoader.php(301): Composer\Autoload\includeFile('E:\\www\\WEB\\lara...')
#3 [internal function]: Composer\Autoload\ClassLoader->loadClass('App\\Http\\Middle...')
#4 [internal function]: spl_autoload_call('App\\Http\\Middle...')
#5 E:\www\WEB\laravelcloud\bootstrap\cache\compiled.php(1360): ReflectionClass->__construct('App\\Http\\Middle...')
#6 E:\www\WEB\laravelcloud\bootstrap\cache\compiled.php(1314): Illuminate\Container\Container->build('App\\Http\\Middle...', Array)
#7 E:\www\WEB\laravelcloud\bootstrap\cache\compiled.php(1884): Illuminate\Container\Container->make('App\\Http\\Middle...', Array)
#8 E:\www\WEB\laravelcloud\bootstrap\cache\compiled.php(9762): Illuminate\Foundation\Application->make('App\\Http\\Middle...')
#9 E:\www\WEB\laravelcloud\vendor\laravel\framework\src\Illuminate\Routing\Pipeline.php(33): Illuminate\Pipeline\Pipeline->Illuminate\Pipeline\{closure}(Object(Illuminate\Http\Request))
#10 E:\www\WEB\laravelcloud\bootstrap\cache\compiled.php(9752): Illuminate\Routing\Pipeline->Illuminate\Routing\{closure}(Object(Illuminate\Http\Request))
#11 E:\www\WEB\laravelcloud\bootstrap\cache\compiled.php(8071): Illuminate\Pipeline\Pipeline->then(Object(Closure))
#12 E:\www\WEB\laravelcloud\bootstrap\cache\compiled.php(8062): Illuminate\Routing\Router->runRouteWithinStack(Object(Illuminate\Routing\Route), Object(Illuminate\Http\Request))
#13 E:\www\WEB\laravelcloud\bootstrap\cache\compiled.php(8053): Illuminate\Routing\Router->dispatchToRoute(Object(Illuminate\Http\Request))
#14 E:\www\WEB\laravelcloud\bootstrap\cache\compiled.php(2431): Illuminate\Routing\Router->dispatch(Object(Illuminate\Http\Request))
#15 E:\www\WEB\laravelcloud\vendor\laravel\framework\src\Illuminate\Routing\Pipeline.php(53): Illuminate\Foundation\Http\Kernel->Illuminate\Foundation\Http\{closure}(Object(Illuminate\Http\Request))
#16 E:\www\WEB\laravelcloud\bootstrap\cache\compiled.php(3156): Illuminate\Routing\Pipeline->Illuminate\Routing\{closure}(Object(Illuminate\Http\Request))
#17 E:\www\WEB\laravelcloud\bootstrap\cache\compiled.php(9767): Illuminate\Foundation\Http\Middleware\CheckForMaintenanceMode->handle(Object(Illuminate\Http\Request), Object(Closure))
#18 E:\www\WEB\laravelcloud\vendor\laravel\framework\src\Illuminate\Routing\Pipeline.php(33): Illuminate\Pipeline\Pipeline->Illuminate\Pipeline\{closure}(Object(Illuminate\Http\Request))
#19 E:\www\WEB\laravelcloud\bootstrap\cache\compiled.php(9752): Illuminate\Routing\Pipeline->Illuminate\Routing\{closure}(Object(Illuminate\Http\Request))
#20 E:\www\WEB\laravelcloud\bootstrap\cache\compiled.php(2378): Illuminate\Pipeline\Pipeline->then(Object(Closure))
#21 E:\www\WEB\laravelcloud\bootstrap\cache\compiled.php(2362): Illuminate\Foundation\Http\Kernel->sendRequestThroughRouter(Object(Illuminate\Http\Request))
#22 E:\www\WEB\laravelcloud\public\index.php(53): Illuminate\Foundation\Http\Kernel->handle(Object(Illuminate\Http\Request))
#23 {main}  
[2016-08-14 14:54:31] local.ERROR: ErrorException: include(E:\www\WEB\laravelcloud\vendor\composer/../../app/Http/Middleware/EncryptCookies.php): failed to open stream: No such file or directory in E:\www\WEB\laravelcloud\vendor\composer\ClassLoader.php:412
Stack trace:
#0 E:\www\WEB\laravelcloud\vendor\composer\ClassLoader.php(412): Illuminate\Foundation\Bootstrap\HandleExceptions->handleError(2, 'include(E:\\www\\...', 'E:\\www\\WEB\\lara...', 412, Array)
#1 E:\www\WEB\laravelcloud\vendor\composer\ClassLoader.php(412): include()
#2 E:\www\WEB\laravelcloud\vendor\composer\ClassLoader.php(301): Composer\Autoload\includeFile('E:\\www\\WEB\\lara...')
#3 [internal function]: Composer\Autoload\ClassLoader->loadClass('App\\Http\\Middle...')
#4 [internal function]: spl_autoload_call('App\\Http\\Middle...')
#5 E:\www\WEB\laravelcloud\bootstrap\cache\compiled.php(1360): ReflectionClass->__construct('App\\Http\\Middle...')
#6 E:\www\WEB\laravelcloud\bootstrap\cache\compiled.php(1314): Illuminate\Container\Container->build('App\\Http\\Middle...', Array)
#7 E:\www\WEB\laravelcloud\bootstrap\cache\compiled.php(1884): Illuminate\Container\Container->make('App\\Http\\Middle...', Array)
#8 E:\www\WEB\laravelcloud\bootstrap\cache\compiled.php(2385): Illuminate\Foundation\Application->make('App\\Http\\Middle...')
#9 E:\www\WEB\laravelcloud\public\index.php(58): Illuminate\Foundation\Http\Kernel->terminate(Object(Illuminate\Http\Request), Object(Illuminate\Http\Response))
#10 {main}  
[2016-08-14 14:54:44] local.ERROR: ErrorException: include(E:\www\WEB\laravelcloud\vendor\composer/../../app/Http/Middleware/EncryptCookies.php): failed to open stream: No such file or directory in E:\www\WEB\laravelcloud\vendor\composer\ClassLoader.php:412
Stack trace:
#0 E:\www\WEB\laravelcloud\vendor\composer\ClassLoader.php(412): Illuminate\Foundation\Bootstrap\HandleExceptions->handleError(2, 'include(E:\\www\\...', 'E:\\www\\WEB\\lara...', 412, Array)
#1 E:\www\WEB\laravelcloud\vendor\composer\ClassLoader.php(412): include()
#2 E:\www\WEB\laravelcloud\vendor\composer\ClassLoader.php(301): Composer\Autoload\includeFile('E:\\www\\WEB\\lara...')
#3 [internal function]: Composer\Autoload\ClassLoader->loadClass('App\\Http\\Middle...')
#4 [internal function]: spl_autoload_call('App\\Http\\Middle...')
#5 E:\www\WEB\laravelcloud\bootstrap\cache\compiled.php(1360): ReflectionClass->__construct('App\\Http\\Middle...')
#6 E:\www\WEB\laravelcloud\bootstrap\cache\compiled.php(1314): Illuminate\Container\Container->build('App\\Http\\Middle...', Array)
#7 E:\www\WEB\laravelcloud\bootstrap\cache\compiled.php(1884): Illuminate\Container\Container->make('App\\Http\\Middle...', Array)
#8 E:\www\WEB\laravelcloud\bootstrap\cache\compiled.php(9762): Illuminate\Foundation\Application->make('App\\Http\\Middle...')
#9 E:\www\WEB\laravelcloud\vendor\laravel\framework\src\Illuminate\Routing\Pipeline.php(33): Illuminate\Pipeline\Pipeline->Illuminate\Pipeline\{closure}(Object(Illuminate\Http\Request))
#10 E:\www\WEB\laravelcloud\bootstrap\cache\compiled.php(9752): Illuminate\Routing\Pipeline->Illuminate\Routing\{closure}(Object(Illuminate\Http\Request))
#11 E:\www\WEB\laravelcloud\bootstrap\cache\compiled.php(8071): Illuminate\Pipeline\Pipeline->then(Object(Closure))
#12 E:\www\WEB\laravelcloud\bootstrap\cache\compiled.php(8062): Illuminate\Routing\Router->runRouteWithinStack(Object(Illuminate\Routing\Route), Object(Illuminate\Http\Request))
#13 E:\www\WEB\laravelcloud\bootstrap\cache\compiled.php(8053): Illuminate\Routing\Router->dispatchToRoute(Object(Illuminate\Http\Request))
#14 E:\www\WEB\laravelcloud\bootstrap\cache\compiled.php(2431): Illuminate\Routing\Router->dispatch(Object(Illuminate\Http\Request))
#15 E:\www\WEB\laravelcloud\vendor\laravel\framework\src\Illuminate\Routing\Pipeline.php(53): Illuminate\Foundation\Http\Kernel->Illuminate\Foundation\Http\{closure}(Object(Illuminate\Http\Request))
#16 E:\www\WEB\laravelcloud\bootstrap\cache\compiled.php(3156): Illuminate\Routing\Pipeline->Illuminate\Routing\{closure}(Object(Illuminate\Http\Request))
#17 E:\www\WEB\laravelcloud\bootstrap\cache\compiled.php(9767): Illuminate\Foundation\Http\Middleware\CheckForMaintenanceMode->handle(Object(Illuminate\Http\Request), Object(Closure))
#18 E:\www\WEB\laravelcloud\vendor\laravel\framework\src\Illuminate\Routing\Pipeline.php(33): Illuminate\Pipeline\Pipeline->Illuminate\Pipeline\{closure}(Object(Illuminate\Http\Request))
#19 E:\www\WEB\laravelcloud\bootstrap\cache\compiled.php(9752): Illuminate\Routing\Pipeline->Illuminate\Routing\{closure}(Object(Illuminate\Http\Request))
#20 E:\www\WEB\laravelcloud\bootstrap\cache\compiled.php(2378): Illuminate\Pipeline\Pipeline->then(Object(Closure))
#21 E:\www\WEB\laravelcloud\bootstrap\cache\compiled.php(2362): Illuminate\Foundation\Http\Kernel->sendRequestThroughRouter(Object(Illuminate\Http\Request))
#22 E:\www\WEB\laravelcloud\public\index.php(53): Illuminate\Foundation\Http\Kernel->handle(Object(Illuminate\Http\Request))
#23 {main}  
[2016-08-14 14:54:44] local.ERROR: ErrorException: include(E:\www\WEB\laravelcloud\vendor\composer/../../app/Http/Middleware/EncryptCookies.php): failed to open stream: No such file or directory in E:\www\WEB\laravelcloud\vendor\composer\ClassLoader.php:412
Stack trace:
#0 E:\www\WEB\laravelcloud\vendor\composer\ClassLoader.php(412): Illuminate\Foundation\Bootstrap\HandleExceptions->handleError(2, 'include(E:\\www\\...', 'E:\\www\\WEB\\lara...', 412, Array)
#1 E:\www\WEB\laravelcloud\vendor\composer\ClassLoader.php(412): include()
#2 E:\www\WEB\laravelcloud\vendor\composer\ClassLoader.php(301): Composer\Autoload\includeFile('E:\\www\\WEB\\lara...')
#3 [internal function]: Composer\Autoload\ClassLoader->loadClass('App\\Http\\Middle...')
#4 [internal function]: spl_autoload_call('App\\Http\\Middle...')
#5 E:\www\WEB\laravelcloud\bootstrap\cache\compiled.php(1360): ReflectionClass->__construct('App\\Http\\Middle...')
#6 E:\www\WEB\laravelcloud\bootstrap\cache\compiled.php(1314): Illuminate\Container\Container->build('App\\Http\\Middle...', Array)
#7 E:\www\WEB\laravelcloud\bootstrap\cache\compiled.php(1884): Illuminate\Container\Container->make('App\\Http\\Middle...', Array)
#8 E:\www\WEB\laravelcloud\bootstrap\cache\compiled.php(2385): Illuminate\Foundation\Application->make('App\\Http\\Middle...')
#9 E:\www\WEB\laravelcloud\public\index.php(58): Illuminate\Foundation\Http\Kernel->terminate(Object(Illuminate\Http\Request), Object(Illuminate\Http\Response))
#10 {main}  
[2016-08-14 14:54:45] local.ERROR: ErrorException: include(E:\www\WEB\laravelcloud\vendor\composer/../../app/Http/Middleware/EncryptCookies.php): failed to open stream: No such file or directory in E:\www\WEB\laravelcloud\vendor\composer\ClassLoader.php:412
Stack trace:
#0 E:\www\WEB\laravelcloud\vendor\composer\ClassLoader.php(412): Illuminate\Foundation\Bootstrap\HandleExceptions->handleError(2, 'include(E:\\www\\...', 'E:\\www\\WEB\\lara...', 412, Array)
#1 E:\www\WEB\laravelcloud\vendor\composer\ClassLoader.php(412): include()
#2 E:\www\WEB\laravelcloud\vendor\composer\ClassLoader.php(301): Composer\Autoload\includeFile('E:\\www\\WEB\\lara...')
#3 [internal function]: Composer\Autoload\ClassLoader->loadClass('App\\Http\\Middle...')
#4 [internal function]: spl_autoload_call('App\\Http\\Middle...')
#5 E:\www\WEB\laravelcloud\bootstrap\cache\compiled.php(1360): ReflectionClass->__construct('App\\Http\\Middle...')
#6 E:\www\WEB\laravelcloud\bootstrap\cache\compiled.php(1314): Illuminate\Container\Container->build('App\\Http\\Middle...', Array)
#7 E:\www\WEB\laravelcloud\bootstrap\cache\compiled.php(1884): Illuminate\Container\Container->make('App\\Http\\Middle...', Array)
#8 E:\www\WEB\laravelcloud\bootstrap\cache\compiled.php(9762): Illuminate\Foundation\Application->make('App\\Http\\Middle...')
#9 E:\www\WEB\laravelcloud\vendor\laravel\framework\src\Illuminate\Routing\Pipeline.php(33): Illuminate\Pipeline\Pipeline->Illuminate\Pipeline\{closure}(Object(Illuminate\Http\Request))
#10 E:\www\WEB\laravelcloud\bootstrap\cache\compiled.php(9752): Illuminate\Routing\Pipeline->Illuminate\Routing\{closure}(Object(Illuminate\Http\Request))
#11 E:\www\WEB\laravelcloud\bootstrap\cache\compiled.php(8071): Illuminate\Pipeline\Pipeline->then(Object(Closure))
#12 E:\www\WEB\laravelcloud\bootstrap\cache\compiled.php(8062): Illuminate\Routing\Router->runRouteWithinStack(Object(Illuminate\Routing\Route), Object(Illuminate\Http\Request))
#13 E:\www\WEB\laravelcloud\bootstrap\cache\compiled.php(8053): Illuminate\Routing\Router->dispatchToRoute(Object(Illuminate\Http\Request))
#14 E:\www\WEB\laravelcloud\bootstrap\cache\compiled.php(2431): Illuminate\Routing\Router->dispatch(Object(Illuminate\Http\Request))
#15 E:\www\WEB\laravelcloud\vendor\laravel\framework\src\Illuminate\Routing\Pipeline.php(53): Illuminate\Foundation\Http\Kernel->Illuminate\Foundation\Http\{closure}(Object(Illuminate\Http\Request))
#16 E:\www\WEB\laravelcloud\bootstrap\cache\compiled.php(3156): Illuminate\Routing\Pipeline->Illuminate\Routing\{closure}(Object(Illuminate\Http\Request))
#17 E:\www\WEB\laravelcloud\bootstrap\cache\compiled.php(9767): Illuminate\Foundation\Http\Middleware\CheckForMaintenanceMode->handle(Object(Illuminate\Http\Request), Object(Closure))
#18 E:\www\WEB\laravelcloud\vendor\laravel\framework\src\Illuminate\Routing\Pipeline.php(33): Illuminate\Pipeline\Pipeline->Illuminate\Pipeline\{closure}(Object(Illuminate\Http\Request))
#19 E:\www\WEB\laravelcloud\bootstrap\cache\compiled.php(9752): Illuminate\Routing\Pipeline->Illuminate\Routing\{closure}(Object(Illuminate\Http\Request))
#20 E:\www\WEB\laravelcloud\bootstrap\cache\compiled.php(2378): Illuminate\Pipeline\Pipeline->then(Object(Closure))
#21 E:\www\WEB\laravelcloud\bootstrap\cache\compiled.php(2362): Illuminate\Foundation\Http\Kernel->sendRequestThroughRouter(Object(Illuminate\Http\Request))
#22 E:\www\WEB\laravelcloud\public\index.php(53): Illuminate\Foundation\Http\Kernel->handle(Object(Illuminate\Http\Request))
#23 {main}  
[2016-08-14 14:54:45] local.ERROR: ErrorException: include(E:\www\WEB\laravelcloud\vendor\composer/../../app/Http/Middleware/EncryptCookies.php): failed to open stream: No such file or directory in E:\www\WEB\laravelcloud\vendor\composer\ClassLoader.php:412
Stack trace:
#0 E:\www\WEB\laravelcloud\vendor\composer\ClassLoader.php(412): Illuminate\Foundation\Bootstrap\HandleExceptions->handleError(2, 'include(E:\\www\\...', 'E:\\www\\WEB\\lara...', 412, Array)
#1 E:\www\WEB\laravelcloud\vendor\composer\ClassLoader.php(412): include()
#2 E:\www\WEB\laravelcloud\vendor\composer\ClassLoader.php(301): Composer\Autoload\includeFile('E:\\www\\WEB\\lara...')
#3 [internal function]: Composer\Autoload\ClassLoader->loadClass('App\\Http\\Middle...')
#4 [internal function]: spl_autoload_call('App\\Http\\Middle...')
#5 E:\www\WEB\laravelcloud\bootstrap\cache\compiled.php(1360): ReflectionClass->__construct('App\\Http\\Middle...')
#6 E:\www\WEB\laravelcloud\bootstrap\cache\compiled.php(1314): Illuminate\Container\Container->build('App\\Http\\Middle...', Array)
#7 E:\www\WEB\laravelcloud\bootstrap\cache\compiled.php(1884): Illuminate\Container\Container->make('App\\Http\\Middle...', Array)
#8 E:\www\WEB\laravelcloud\bootstrap\cache\compiled.php(2385): Illuminate\Foundation\Application->make('App\\Http\\Middle...')
#9 E:\www\WEB\laravelcloud\public\index.php(58): Illuminate\Foundation\Http\Kernel->terminate(Object(Illuminate\Http\Request), Object(Illuminate\Http\Response))
#10 {main}  
[2016-08-14 14:55:25] local.ERROR: ErrorException: include(E:\www\WEB\laravelcloud\vendor\composer/../../app/Http/Middleware/EncryptCookies.php): failed to open stream: No such file or directory in E:\www\WEB\laravelcloud\vendor\composer\ClassLoader.php:412
Stack trace:
#0 E:\www\WEB\laravelcloud\vendor\composer\ClassLoader.php(412): Illuminate\Foundation\Bootstrap\HandleExceptions->handleError(2, 'include(E:\\www\\...', 'E:\\www\\WEB\\lara...', 412, Array)
#1 E:\www\WEB\laravelcloud\vendor\composer\ClassLoader.php(412): include()
#2 E:\www\WEB\laravelcloud\vendor\composer\ClassLoader.php(301): Composer\Autoload\includeFile('E:\\www\\WEB\\lara...')
#3 [internal function]: Composer\Autoload\ClassLoader->loadClass('App\\Http\\Middle...')
#4 [internal function]: spl_autoload_call('App\\Http\\Middle...')
#5 E:\www\WEB\laravelcloud\bootstrap\cache\compiled.php(1360): ReflectionClass->__construct('App\\Http\\Middle...')
#6 E:\www\WEB\laravelcloud\bootstrap\cache\compiled.php(1314): Illuminate\Container\Container->build('App\\Http\\Middle...', Array)
#7 E:\www\WEB\laravelcloud\bootstrap\cache\compiled.php(1884): Illuminate\Container\Container->make('App\\Http\\Middle...', Array)
#8 E:\www\WEB\laravelcloud\bootstrap\cache\compiled.php(9762): Illuminate\Foundation\Application->make('App\\Http\\Middle...')
#9 E:\www\WEB\laravelcloud\vendor\laravel\framework\src\Illuminate\Routing\Pipeline.php(33): Illuminate\Pipeline\Pipeline->Illuminate\Pipeline\{closure}(Object(Illuminate\Http\Request))
#10 E:\www\WEB\laravelcloud\bootstrap\cache\compiled.php(9752): Illuminate\Routing\Pipeline->Illuminate\Routing\{closure}(Object(Illuminate\Http\Request))
#11 E:\www\WEB\laravelcloud\bootstrap\cache\compiled.php(8071): Illuminate\Pipeline\Pipeline->then(Object(Closure))
#12 E:\www\WEB\laravelcloud\bootstrap\cache\compiled.php(8062): Illuminate\Routing\Router->runRouteWithinStack(Object(Illuminate\Routing\Route), Object(Illuminate\Http\Request))
#13 E:\www\WEB\laravelcloud\bootstrap\cache\compiled.php(8053): Illuminate\Routing\Router->dispatchToRoute(Object(Illuminate\Http\Request))
#14 E:\www\WEB\laravelcloud\bootstrap\cache\compiled.php(2431): Illuminate\Routing\Router->dispatch(Object(Illuminate\Http\Request))
#15 E:\www\WEB\laravelcloud\vendor\laravel\framework\src\Illuminate\Routing\Pipeline.php(53): Illuminate\Foundation\Http\Kernel->Illuminate\Foundation\Http\{closure}(Object(Illuminate\Http\Request))
#16 E:\www\WEB\laravelcloud\bootstrap\cache\compiled.php(3156): Illuminate\Routing\Pipeline->Illuminate\Routing\{closure}(Object(Illuminate\Http\Request))
#17 E:\www\WEB\laravelcloud\bootstrap\cache\compiled.php(9767): Illuminate\Foundation\Http\Middleware\CheckForMaintenanceMode->handle(Object(Illuminate\Http\Request), Object(Closure))
#18 E:\www\WEB\laravelcloud\vendor\laravel\framework\src\Illuminate\Routing\Pipeline.php(33): Illuminate\Pipeline\Pipeline->Illuminate\Pipeline\{closure}(Object(Illuminate\Http\Request))
#19 E:\www\WEB\laravelcloud\bootstrap\cache\compiled.php(9752): Illuminate\Routing\Pipeline->Illuminate\Routing\{closure}(Object(Illuminate\Http\Request))
#20 E:\www\WEB\laravelcloud\bootstrap\cache\compiled.php(2378): Illuminate\Pipeline\Pipeline->then(Object(Closure))
#21 E:\www\WEB\laravelcloud\bootstrap\cache\compiled.php(2362): Illuminate\Foundation\Http\Kernel->sendRequestThroughRouter(Object(Illuminate\Http\Request))
#22 E:\www\WEB\laravelcloud\public\index.php(53): Illuminate\Foundation\Http\Kernel->handle(Object(Illuminate\Http\Request))
#23 {main}  
[2016-08-14 14:55:25] local.ERROR: ErrorException: include(E:\www\WEB\laravelcloud\vendor\composer/../../app/Http/Middleware/EncryptCookies.php): failed to open stream: No such file or directory in E:\www\WEB\laravelcloud\vendor\composer\ClassLoader.php:412
Stack trace:
#0 E:\www\WEB\laravelcloud\vendor\composer\ClassLoader.php(412): Illuminate\Foundation\Bootstrap\HandleExceptions->handleError(2, 'include(E:\\www\\...', 'E:\\www\\WEB\\lara...', 412, Array)
#1 E:\www\WEB\laravelcloud\vendor\composer\ClassLoader.php(412): include()
#2 E:\www\WEB\laravelcloud\vendor\composer\ClassLoader.php(301): Composer\Autoload\includeFile('E:\\www\\WEB\\lara...')
#3 [internal function]: Composer\Autoload\ClassLoader->loadClass('App\\Http\\Middle...')
#4 [internal function]: spl_autoload_call('App\\Http\\Middle...')
#5 E:\www\WEB\laravelcloud\bootstrap\cache\compiled.php(1360): ReflectionClass->__construct('App\\Http\\Middle...')
#6 E:\www\WEB\laravelcloud\bootstrap\cache\compiled.php(1314): Illuminate\Container\Container->build('App\\Http\\Middle...', Array)
#7 E:\www\WEB\laravelcloud\bootstrap\cache\compiled.php(1884): Illuminate\Container\Container->make('App\\Http\\Middle...', Array)
#8 E:\www\WEB\laravelcloud\bootstrap\cache\compiled.php(2385): Illuminate\Foundation\Application->make('App\\Http\\Middle...')
#9 E:\www\WEB\laravelcloud\public\index.php(58): Illuminate\Foundation\Http\Kernel->terminate(Object(Illuminate\Http\Request), Object(Illuminate\Http\Response))
#10 {main}  
[2016-08-14 15:14:59] local.ERROR: ReflectionException: Method App\Http\Controllers\Auth\LoginController::centerLogin() does not exist in E:\www\WEB\laravelcloud\bootstrap\cache\compiled.php:8456
Stack trace:
#0 E:\www\WEB\laravelcloud\bootstrap\cache\compiled.php(8456): ReflectionMethod->__construct('App\\Http\\Contro...', 'centerLogin')
#1 E:\www\WEB\laravelcloud\bootstrap\cache\compiled.php(8143): Illuminate\Routing\Route->signatureParameters('Illuminate\\Data...')
#2 E:\www\WEB\laravelcloud\bootstrap\cache\compiled.php(9874): Illuminate\Routing\Router->substituteImplicitBindings(Object(Illuminate\Routing\Route))
#3 E:\www\WEB\laravelcloud\bootstrap\cache\compiled.php(9767): Illuminate\Routing\Middleware\SubstituteBindings->handle(Object(Illuminate\Http\Request), Object(Closure))
#4 E:\www\WEB\laravelcloud\vendor\laravel\framework\src\Illuminate\Routing\Pipeline.php(33): Illuminate\Pipeline\Pipeline->Illuminate\Pipeline\{closure}(Object(Illuminate\Http\Request))
#5 E:\www\WEB\laravelcloud\bootstrap\cache\compiled.php(3094): Illuminate\Routing\Pipeline->Illuminate\Routing\{closure}(Object(Illuminate\Http\Request))
#6 E:\www\WEB\laravelcloud\bootstrap\cache\compiled.php(9767): Illuminate\Foundation\Http\Middleware\VerifyCsrfToken->handle(Object(Illuminate\Http\Request), Object(Closure))
#7 E:\www\WEB\laravelcloud\vendor\laravel\framework\src\Illuminate\Routing\Pipeline.php(33): Illuminate\Pipeline\Pipeline->Illuminate\Pipeline\{closure}(Object(Illuminate\Http\Request))
#8 E:\www\WEB\laravelcloud\bootstrap\cache\compiled.php(13347): Illuminate\Routing\Pipeline->Illuminate\Routing\{closure}(Object(Illuminate\Http\Request))
#9 E:\www\WEB\laravelcloud\bootstrap\cache\compiled.php(9767): Illuminate\View\Middleware\ShareErrorsFromSession->handle(Object(Illuminate\Http\Request), Object(Closure))
#10 E:\www\WEB\laravelcloud\vendor\laravel\framework\src\Illuminate\Routing\Pipeline.php(33): Illuminate\Pipeline\Pipeline->Illuminate\Pipeline\{closure}(Object(Illuminate\Http\Request))
#11 E:\www\WEB\laravelcloud\bootstrap\cache\compiled.php(11788): Illuminate\Routing\Pipeline->Illuminate\Routing\{closure}(Object(Illuminate\Http\Request))
#12 E:\www\WEB\laravelcloud\bootstrap\cache\compiled.php(9767): Illuminate\Session\Middleware\StartSession->handle(Object(Illuminate\Http\Request), Object(Closure))
#13 E:\www\WEB\laravelcloud\vendor\laravel\framework\src\Illuminate\Routing\Pipeline.php(33): Illuminate\Pipeline\Pipeline->Illuminate\Pipeline\{closure}(Object(Illuminate\Http\Request))
#14 E:\www\WEB\laravelcloud\bootstrap\cache\compiled.php(13093): Illuminate\Routing\Pipeline->Illuminate\Routing\{closure}(Object(Illuminate\Http\Request))
#15 E:\www\WEB\laravelcloud\bootstrap\cache\compiled.php(9767): Illuminate\Cookie\Middleware\AddQueuedCookiesToResponse->handle(Object(Illuminate\Http\Request), Object(Closure))
#16 E:\www\WEB\laravelcloud\vendor\laravel\framework\src\Illuminate\Routing\Pipeline.php(33): Illuminate\Pipeline\Pipeline->Illuminate\Pipeline\{closure}(Object(Illuminate\Http\Request))
#17 E:\www\WEB\laravelcloud\bootstrap\cache\compiled.php(13030): Illuminate\Routing\Pipeline->Illuminate\Routing\{closure}(Object(Illuminate\Http\Request))
#18 E:\www\WEB\laravelcloud\bootstrap\cache\compiled.php(9767): Illuminate\Cookie\Middleware\EncryptCookies->handle(Object(Illuminate\Http\Request), Object(Closure))
#19 E:\www\WEB\laravelcloud\vendor\laravel\framework\src\Illuminate\Routing\Pipeline.php(33): Illuminate\Pipeline\Pipeline->Illuminate\Pipeline\{closure}(Object(Illuminate\Http\Request))
#20 E:\www\WEB\laravelcloud\bootstrap\cache\compiled.php(9752): Illuminate\Routing\Pipeline->Illuminate\Routing\{closure}(Object(Illuminate\Http\Request))
#21 E:\www\WEB\laravelcloud\bootstrap\cache\compiled.php(8071): Illuminate\Pipeline\Pipeline->then(Object(Closure))
#22 E:\www\WEB\laravelcloud\bootstrap\cache\compiled.php(8062): Illuminate\Routing\Router->runRouteWithinStack(Object(Illuminate\Routing\Route), Object(Illuminate\Http\Request))
#23 E:\www\WEB\laravelcloud\bootstrap\cache\compiled.php(8053): Illuminate\Routing\Router->dispatchToRoute(Object(Illuminate\Http\Request))
#24 E:\www\WEB\laravelcloud\bootstrap\cache\compiled.php(2431): Illuminate\Routing\Router->dispatch(Object(Illuminate\Http\Request))
#25 E:\www\WEB\laravelcloud\vendor\laravel\framework\src\Illuminate\Routing\Pipeline.php(53): Illuminate\Foundation\Http\Kernel->Illuminate\Foundation\Http\{closure}(Object(Illuminate\Http\Request))
#26 E:\www\WEB\laravelcloud\bootstrap\cache\compiled.php(3156): Illuminate\Routing\Pipeline->Illuminate\Routing\{closure}(Object(Illuminate\Http\Request))
#27 E:\www\WEB\laravelcloud\bootstrap\cache\compiled.php(9767): Illuminate\Foundation\Http\Middleware\CheckForMaintenanceMode->handle(Object(Illuminate\Http\Request), Object(Closure))
#28 E:\www\WEB\laravelcloud\vendor\laravel\framework\src\Illuminate\Routing\Pipeline.php(33): Illuminate\Pipeline\Pipeline->Illuminate\Pipeline\{closure}(Object(Illuminate\Http\Request))
#29 E:\www\WEB\laravelcloud\bootstrap\cache\compiled.php(9752): Illuminate\Routing\Pipeline->Illuminate\Routing\{closure}(Object(Illuminate\Http\Request))
#30 E:\www\WEB\laravelcloud\bootstrap\cache\compiled.php(2378): Illuminate\Pipeline\Pipeline->then(Object(Closure))
#31 E:\www\WEB\laravelcloud\bootstrap\cache\compiled.php(2362): Illuminate\Foundation\Http\Kernel->sendRequestThroughRouter(Object(Illuminate\Http\Request))
#32 E:\www\WEB\laravelcloud\public\index.php(53): Illuminate\Foundation\Http\Kernel->handle(Object(Illuminate\Http\Request))
#33 {main}  
[2016-08-14 15:16:42] local.ERROR: ReflectionException: Class App\Http\Controllers\Auth\Request does not exist in E:\www\WEB\laravelcloud\bootstrap\cache\compiled.php:8461
Stack trace:
#0 E:\www\WEB\laravelcloud\bootstrap\cache\compiled.php(8461): ReflectionParameter->getClass()
#1 [internal function]: Illuminate\Routing\Route->Illuminate\Routing\{closure}(Object(ReflectionParameter))
#2 E:\www\WEB\laravelcloud\bootstrap\cache\compiled.php(8462): array_filter(Array, Object(Closure))
#3 E:\www\WEB\laravelcloud\bootstrap\cache\compiled.php(8143): Illuminate\Routing\Route->signatureParameters('Illuminate\\Data...')
#4 E:\www\WEB\laravelcloud\bootstrap\cache\compiled.php(9874): Illuminate\Routing\Router->substituteImplicitBindings(Object(Illuminate\Routing\Route))
#5 E:\www\WEB\laravelcloud\bootstrap\cache\compiled.php(9767): Illuminate\Routing\Middleware\SubstituteBindings->handle(Object(Illuminate\Http\Request), Object(Closure))
#6 E:\www\WEB\laravelcloud\vendor\laravel\framework\src\Illuminate\Routing\Pipeline.php(33): Illuminate\Pipeline\Pipeline->Illuminate\Pipeline\{closure}(Object(Illuminate\Http\Request))
#7 E:\www\WEB\laravelcloud\bootstrap\cache\compiled.php(3094): Illuminate\Routing\Pipeline->Illuminate\Routing\{closure}(Object(Illuminate\Http\Request))
#8 E:\www\WEB\laravelcloud\bootstrap\cache\compiled.php(9767): Illuminate\Foundation\Http\Middleware\VerifyCsrfToken->handle(Object(Illuminate\Http\Request), Object(Closure))
#9 E:\www\WEB\laravelcloud\vendor\laravel\framework\src\Illuminate\Routing\Pipeline.php(33): Illuminate\Pipeline\Pipeline->Illuminate\Pipeline\{closure}(Object(Illuminate\Http\Request))
#10 E:\www\WEB\laravelcloud\bootstrap\cache\compiled.php(13347): Illuminate\Routing\Pipeline->Illuminate\Routing\{closure}(Object(Illuminate\Http\Request))
#11 E:\www\WEB\laravelcloud\bootstrap\cache\compiled.php(9767): Illuminate\View\Middleware\ShareErrorsFromSession->handle(Object(Illuminate\Http\Request), Object(Closure))
#12 E:\www\WEB\laravelcloud\vendor\laravel\framework\src\Illuminate\Routing\Pipeline.php(33): Illuminate\Pipeline\Pipeline->Illuminate\Pipeline\{closure}(Object(Illuminate\Http\Request))
#13 E:\www\WEB\laravelcloud\bootstrap\cache\compiled.php(11788): Illuminate\Routing\Pipeline->Illuminate\Routing\{closure}(Object(Illuminate\Http\Request))
#14 E:\www\WEB\laravelcloud\bootstrap\cache\compiled.php(9767): Illuminate\Session\Middleware\StartSession->handle(Object(Illuminate\Http\Request), Object(Closure))
#15 E:\www\WEB\laravelcloud\vendor\laravel\framework\src\Illuminate\Routing\Pipeline.php(33): Illuminate\Pipeline\Pipeline->Illuminate\Pipeline\{closure}(Object(Illuminate\Http\Request))
#16 E:\www\WEB\laravelcloud\bootstrap\cache\compiled.php(13093): Illuminate\Routing\Pipeline->Illuminate\Routing\{closure}(Object(Illuminate\Http\Request))
#17 E:\www\WEB\laravelcloud\bootstrap\cache\compiled.php(9767): Illuminate\Cookie\Middleware\AddQueuedCookiesToResponse->handle(Object(Illuminate\Http\Request), Object(Closure))
#18 E:\www\WEB\laravelcloud\vendor\laravel\framework\src\Illuminate\Routing\Pipeline.php(33): Illuminate\Pipeline\Pipeline->Illuminate\Pipeline\{closure}(Object(Illuminate\Http\Request))
#19 E:\www\WEB\laravelcloud\bootstrap\cache\compiled.php(13030): Illuminate\Routing\Pipeline->Illuminate\Routing\{closure}(Object(Illuminate\Http\Request))
#20 E:\www\WEB\laravelcloud\bootstrap\cache\compiled.php(9767): Illuminate\Cookie\Middleware\EncryptCookies->handle(Object(Illuminate\Http\Request), Object(Closure))
#21 E:\www\WEB\laravelcloud\vendor\laravel\framework\src\Illuminate\Routing\Pipeline.php(33): Illuminate\Pipeline\Pipeline->Illuminate\Pipeline\{closure}(Object(Illuminate\Http\Request))
#22 E:\www\WEB\laravelcloud\bootstrap\cache\compiled.php(9752): Illuminate\Routing\Pipeline->Illuminate\Routing\{closure}(Object(Illuminate\Http\Request))
#23 E:\www\WEB\laravelcloud\bootstrap\cache\compiled.php(8071): Illuminate\Pipeline\Pipeline->then(Object(Closure))
#24 E:\www\WEB\laravelcloud\bootstrap\cache\compiled.php(8062): Illuminate\Routing\Router->runRouteWithinStack(Object(Illuminate\Routing\Route), Object(Illuminate\Http\Request))
#25 E:\www\WEB\laravelcloud\bootstrap\cache\compiled.php(8053): Illuminate\Routing\Router->dispatchToRoute(Object(Illuminate\Http\Request))
#26 E:\www\WEB\laravelcloud\bootstrap\cache\compiled.php(2431): Illuminate\Routing\Router->dispatch(Object(Illuminate\Http\Request))
#27 E:\www\WEB\laravelcloud\vendor\laravel\framework\src\Illuminate\Routing\Pipeline.php(53): Illuminate\Foundation\Http\Kernel->Illuminate\Foundation\Http\{closure}(Object(Illuminate\Http\Request))
#28 E:\www\WEB\laravelcloud\bootstrap\cache\compiled.php(3156): Illuminate\Routing\Pipeline->Illuminate\Routing\{closure}(Object(Illuminate\Http\Request))
#29 E:\www\WEB\laravelcloud\bootstrap\cache\compiled.php(9767): Illuminate\Foundation\Http\Middleware\CheckForMaintenanceMode->handle(Object(Illuminate\Http\Request), Object(Closure))
#30 E:\www\WEB\laravelcloud\vendor\laravel\framework\src\Illuminate\Routing\Pipeline.php(33): Illuminate\Pipeline\Pipeline->Illuminate\Pipeline\{closure}(Object(Illuminate\Http\Request))
#31 E:\www\WEB\laravelcloud\bootstrap\cache\compiled.php(9752): Illuminate\Routing\Pipeline->Illuminate\Routing\{closure}(Object(Illuminate\Http\Request))
#32 E:\www\WEB\laravelcloud\bootstrap\cache\compiled.php(2378): Illuminate\Pipeline\Pipeline->then(Object(Closure))
#33 E:\www\WEB\laravelcloud\bootstrap\cache\compiled.php(2362): Illuminate\Foundation\Http\Kernel->sendRequestThroughRouter(Object(Illuminate\Http\Request))
#34 E:\www\WEB\laravelcloud\public\index.php(53): Illuminate\Foundation\Http\Kernel->handle(Object(Illuminate\Http\Request))
#35 {main}  
[2016-08-14 15:16:43] local.ERROR: ReflectionException: Class App\Http\Controllers\Auth\Request does not exist in E:\www\WEB\laravelcloud\bootstrap\cache\compiled.php:8461
Stack trace:
#0 E:\www\WEB\laravelcloud\bootstrap\cache\compiled.php(8461): ReflectionParameter->getClass()
#1 [internal function]: Illuminate\Routing\Route->Illuminate\Routing\{closure}(Object(ReflectionParameter))
#2 E:\www\WEB\laravelcloud\bootstrap\cache\compiled.php(8462): array_filter(Array, Object(Closure))
#3 E:\www\WEB\laravelcloud\bootstrap\cache\compiled.php(8143): Illuminate\Routing\Route->signatureParameters('Illuminate\\Data...')
#4 E:\www\WEB\laravelcloud\bootstrap\cache\compiled.php(9874): Illuminate\Routing\Router->substituteImplicitBindings(Object(Illuminate\Routing\Route))
#5 E:\www\WEB\laravelcloud\bootstrap\cache\compiled.php(9767): Illuminate\Routing\Middleware\SubstituteBindings->handle(Object(Illuminate\Http\Request), Object(Closure))
#6 E:\www\WEB\laravelcloud\vendor\laravel\framework\src\Illuminate\Routing\Pipeline.php(33): Illuminate\Pipeline\Pipeline->Illuminate\Pipeline\{closure}(Object(Illuminate\Http\Request))
#7 E:\www\WEB\laravelcloud\bootstrap\cache\compiled.php(3094): Illuminate\Routing\Pipeline->Illuminate\Routing\{closure}(Object(Illuminate\Http\Request))
#8 E:\www\WEB\laravelcloud\bootstrap\cache\compiled.php(9767): Illuminate\Foundation\Http\Middleware\VerifyCsrfToken->handle(Object(Illuminate\Http\Request), Object(Closure))
#9 E:\www\WEB\laravelcloud\vendor\laravel\framework\src\Illuminate\Routing\Pipeline.php(33): Illuminate\Pipeline\Pipeline->Illuminate\Pipeline\{closure}(Object(Illuminate\Http\Request))
#10 E:\www\WEB\laravelcloud\bootstrap\cache\compiled.php(13347): Illuminate\Routing\Pipeline->Illuminate\Routing\{closure}(Object(Illuminate\Http\Request))
#11 E:\www\WEB\laravelcloud\bootstrap\cache\compiled.php(9767): Illuminate\View\Middleware\ShareErrorsFromSession->handle(Object(Illuminate\Http\Request), Object(Closure))
#12 E:\www\WEB\laravelcloud\vendor\laravel\framework\src\Illuminate\Routing\Pipeline.php(33): Illuminate\Pipeline\Pipeline->Illuminate\Pipeline\{closure}(Object(Illuminate\Http\Request))
#13 E:\www\WEB\laravelcloud\bootstrap\cache\compiled.php(11788): Illuminate\Routing\Pipeline->Illuminate\Routing\{closure}(Object(Illuminate\Http\Request))
#14 E:\www\WEB\laravelcloud\bootstrap\cache\compiled.php(9767): Illuminate\Session\Middleware\StartSession->handle(Object(Illuminate\Http\Request), Object(Closure))
#15 E:\www\WEB\laravelcloud\vendor\laravel\framework\src\Illuminate\Routing\Pipeline.php(33): Illuminate\Pipeline\Pipeline->Illuminate\Pipeline\{closure}(Object(Illuminate\Http\Request))
#16 E:\www\WEB\laravelcloud\bootstrap\cache\compiled.php(13093): Illuminate\Routing\Pipeline->Illuminate\Routing\{closure}(Object(Illuminate\Http\Request))
#17 E:\www\WEB\laravelcloud\bootstrap\cache\compiled.php(9767): Illuminate\Cookie\Middleware\AddQueuedCookiesToResponse->handle(Object(Illuminate\Http\Request), Object(Closure))
#18 E:\www\WEB\laravelcloud\vendor\laravel\framework\src\Illuminate\Routing\Pipeline.php(33): Illuminate\Pipeline\Pipeline->Illuminate\Pipeline\{closure}(Object(Illuminate\Http\Request))
#19 E:\www\WEB\laravelcloud\bootstrap\cache\compiled.php(13030): Illuminate\Routing\Pipeline->Illuminate\Routing\{closure}(Object(Illuminate\Http\Request))
#20 E:\www\WEB\laravelcloud\bootstrap\cache\compiled.php(9767): Illuminate\Cookie\Middleware\EncryptCookies->handle(Object(Illuminate\Http\Request), Object(Closure))
#21 E:\www\WEB\laravelcloud\vendor\laravel\framework\src\Illuminate\Routing\Pipeline.php(33): Illuminate\Pipeline\Pipeline->Illuminate\Pipeline\{closure}(Object(Illuminate\Http\Request))
#22 E:\www\WEB\laravelcloud\bootstrap\cache\compiled.php(9752): Illuminate\Routing\Pipeline->Illuminate\Routing\{closure}(Object(Illuminate\Http\Request))
#23 E:\www\WEB\laravelcloud\bootstrap\cache\compiled.php(8071): Illuminate\Pipeline\Pipeline->then(Object(Closure))
#24 E:\www\WEB\laravelcloud\bootstrap\cache\compiled.php(8062): Illuminate\Routing\Router->runRouteWithinStack(Object(Illuminate\Routing\Route), Object(Illuminate\Http\Request))
#25 E:\www\WEB\laravelcloud\bootstrap\cache\compiled.php(8053): Illuminate\Routing\Router->dispatchToRoute(Object(Illuminate\Http\Request))
#26 E:\www\WEB\laravelcloud\bootstrap\cache\compiled.php(2431): Illuminate\Routing\Router->dispatch(Object(Illuminate\Http\Request))
#27 E:\www\WEB\laravelcloud\vendor\laravel\framework\src\Illuminate\Routing\Pipeline.php(53): Illuminate\Foundation\Http\Kernel->Illuminate\Foundation\Http\{closure}(Object(Illuminate\Http\Request))
#28 E:\www\WEB\laravelcloud\bootstrap\cache\compiled.php(3156): Illuminate\Routing\Pipeline->Illuminate\Routing\{closure}(Object(Illuminate\Http\Request))
#29 E:\www\WEB\laravelcloud\bootstrap\cache\compiled.php(9767): Illuminate\Foundation\Http\Middleware\CheckForMaintenanceMode->handle(Object(Illuminate\Http\Request), Object(Closure))
#30 E:\www\WEB\laravelcloud\vendor\laravel\framework\src\Illuminate\Routing\Pipeline.php(33): Illuminate\Pipeline\Pipeline->Illuminate\Pipeline\{closure}(Object(Illuminate\Http\Request))
#31 E:\www\WEB\laravelcloud\bootstrap\cache\compiled.php(9752): Illuminate\Routing\Pipeline->Illuminate\Routing\{closure}(Object(Illuminate\Http\Request))
#32 E:\www\WEB\laravelcloud\bootstrap\cache\compiled.php(2378): Illuminate\Pipeline\Pipeline->then(Object(Closure))
#33 E:\www\WEB\laravelcloud\bootstrap\cache\compiled.php(2362): Illuminate\Foundation\Http\Kernel->sendRequestThroughRouter(Object(Illuminate\Http\Request))
#34 E:\www\WEB\laravelcloud\public\index.php(53): Illuminate\Foundation\Http\Kernel->handle(Object(Illuminate\Http\Request))
#35 {main}  
[2016-08-14 15:16:44] local.ERROR: ReflectionException: Class App\Http\Controllers\Auth\Request does not exist in E:\www\WEB\laravelcloud\bootstrap\cache\compiled.php:8461
Stack trace:
#0 E:\www\WEB\laravelcloud\bootstrap\cache\compiled.php(8461): ReflectionParameter->getClass()
#1 [internal function]: Illuminate\Routing\Route->Illuminate\Routing\{closure}(Object(ReflectionParameter))
#2 E:\www\WEB\laravelcloud\bootstrap\cache\compiled.php(8462): array_filter(Array, Object(Closure))
#3 E:\www\WEB\laravelcloud\bootstrap\cache\compiled.php(8143): Illuminate\Routing\Route->signatureParameters('Illuminate\\Data...')
#4 E:\www\WEB\laravelcloud\bootstrap\cache\compiled.php(9874): Illuminate\Routing\Router->substituteImplicitBindings(Object(Illuminate\Routing\Route))
#5 E:\www\WEB\laravelcloud\bootstrap\cache\compiled.php(9767): Illuminate\Routing\Middleware\SubstituteBindings->handle(Object(Illuminate\Http\Request), Object(Closure))
#6 E:\www\WEB\laravelcloud\vendor\laravel\framework\src\Illuminate\Routing\Pipeline.php(33): Illuminate\Pipeline\Pipeline->Illuminate\Pipeline\{closure}(Object(Illuminate\Http\Request))
#7 E:\www\WEB\laravelcloud\bootstrap\cache\compiled.php(3094): Illuminate\Routing\Pipeline->Illuminate\Routing\{closure}(Object(Illuminate\Http\Request))
#8 E:\www\WEB\laravelcloud\bootstrap\cache\compiled.php(9767): Illuminate\Foundation\Http\Middleware\VerifyCsrfToken->handle(Object(Illuminate\Http\Request), Object(Closure))
#9 E:\www\WEB\laravelcloud\vendor\laravel\framework\src\Illuminate\Routing\Pipeline.php(33): Illuminate\Pipeline\Pipeline->Illuminate\Pipeline\{closure}(Object(Illuminate\Http\Request))
#10 E:\www\WEB\laravelcloud\bootstrap\cache\compiled.php(13347): Illuminate\Routing\Pipeline->Illuminate\Routing\{closure}(Object(Illuminate\Http\Request))
#11 E:\www\WEB\laravelcloud\bootstrap\cache\compiled.php(9767): Illuminate\View\Middleware\ShareErrorsFromSession->handle(Object(Illuminate\Http\Request), Object(Closure))
#12 E:\www\WEB\laravelcloud\vendor\laravel\framework\src\Illuminate\Routing\Pipeline.php(33): Illuminate\Pipeline\Pipeline->Illuminate\Pipeline\{closure}(Object(Illuminate\Http\Request))
#13 E:\www\WEB\laravelcloud\bootstrap\cache\compiled.php(11788): Illuminate\Routing\Pipeline->Illuminate\Routing\{closure}(Object(Illuminate\Http\Request))
#14 E:\www\WEB\laravelcloud\bootstrap\cache\compiled.php(9767): Illuminate\Session\Middleware\StartSession->handle(Object(Illuminate\Http\Request), Object(Closure))
#15 E:\www\WEB\laravelcloud\vendor\laravel\framework\src\Illuminate\Routing\Pipeline.php(33): Illuminate\Pipeline\Pipeline->Illuminate\Pipeline\{closure}(Object(Illuminate\Http\Request))
#16 E:\www\WEB\laravelcloud\bootstrap\cache\compiled.php(13093): Illuminate\Routing\Pipeline->Illuminate\Routing\{closure}(Object(Illuminate\Http\Request))
#17 E:\www\WEB\laravelcloud\bootstrap\cache\compiled.php(9767): Illuminate\Cookie\Middleware\AddQueuedCookiesToResponse->handle(Object(Illuminate\Http\Request), Object(Closure))
#18 E:\www\WEB\laravelcloud\vendor\laravel\framework\src\Illuminate\Routing\Pipeline.php(33): Illuminate\Pipeline\Pipeline->Illuminate\Pipeline\{closure}(Object(Illuminate\Http\Request))
#19 E:\www\WEB\laravelcloud\bootstrap\cache\compiled.php(13030): Illuminate\Routing\Pipeline->Illuminate\Routing\{closure}(Object(Illuminate\Http\Request))
#20 E:\www\WEB\laravelcloud\bootstrap\cache\compiled.php(9767): Illuminate\Cookie\Middleware\EncryptCookies->handle(Object(Illuminate\Http\Request), Object(Closure))
#21 E:\www\WEB\laravelcloud\vendor\laravel\framework\src\Illuminate\Routing\Pipeline.php(33): Illuminate\Pipeline\Pipeline->Illuminate\Pipeline\{closure}(Object(Illuminate\Http\Request))
#22 E:\www\WEB\laravelcloud\bootstrap\cache\compiled.php(9752): Illuminate\Routing\Pipeline->Illuminate\Routing\{closure}(Object(Illuminate\Http\Request))
#23 E:\www\WEB\laravelcloud\bootstrap\cache\compiled.php(8071): Illuminate\Pipeline\Pipeline->then(Object(Closure))
#24 E:\www\WEB\laravelcloud\bootstrap\cache\compiled.php(8062): Illuminate\Routing\Router->runRouteWithinStack(Object(Illuminate\Routing\Route), Object(Illuminate\Http\Request))
#25 E:\www\WEB\laravelcloud\bootstrap\cache\compiled.php(8053): Illuminate\Routing\Router->dispatchToRoute(Object(Illuminate\Http\Request))
#26 E:\www\WEB\laravelcloud\bootstrap\cache\compiled.php(2431): Illuminate\Routing\Router->dispatch(Object(Illuminate\Http\Request))
#27 E:\www\WEB\laravelcloud\vendor\laravel\framework\src\Illuminate\Routing\Pipeline.php(53): Illuminate\Foundation\Http\Kernel->Illuminate\Foundation\Http\{closure}(Object(Illuminate\Http\Request))
#28 E:\www\WEB\laravelcloud\bootstrap\cache\compiled.php(3156): Illuminate\Routing\Pipeline->Illuminate\Routing\{closure}(Object(Illuminate\Http\Request))
#29 E:\www\WEB\laravelcloud\bootstrap\cache\compiled.php(9767): Illuminate\Foundation\Http\Middleware\CheckForMaintenanceMode->handle(Object(Illuminate\Http\Request), Object(Closure))
#30 E:\www\WEB\laravelcloud\vendor\laravel\framework\src\Illuminate\Routing\Pipeline.php(33): Illuminate\Pipeline\Pipeline->Illuminate\Pipeline\{closure}(Object(Illuminate\Http\Request))
#31 E:\www\WEB\laravelcloud\bootstrap\cache\compiled.php(9752): Illuminate\Routing\Pipeline->Illuminate\Routing\{closure}(Object(Illuminate\Http\Request))
#32 E:\www\WEB\laravelcloud\bootstrap\cache\compiled.php(2378): Illuminate\Pipeline\Pipeline->then(Object(Closure))
#33 E:\www\WEB\laravelcloud\bootstrap\cache\compiled.php(2362): Illuminate\Foundation\Http\Kernel->sendRequestThroughRouter(Object(Illuminate\Http\Request))
#34 E:\www\WEB\laravelcloud\public\index.php(53): Illuminate\Foundation\Http\Kernel->handle(Object(Illuminate\Http\Request))
#35 {main}  
